<?xml version="1.0" encoding="UTF-8"?>
<!-- Generated by org.testng.reporters.JUnitReportReporter -->
<testsuite hostname="DESKTOP-8VVBO91" failures="0" tests="1" name="com.guru99.test.SS1_Login" time="36.041" errors="0" timestamp="2023-04-13T11:30:40 IST" skipped="0">
  <testcase classname="com.guru99.test.SS1_Login" name="Login" time="36.041"/>
  <system-out/>
</testsuite> <!-- com.guru99.test.SS1_Login -->
