<?xml version="1.0" encoding="UTF-8"?>
<!-- Generated by org.testng.reporters.JUnitReportReporter -->
<testsuite hostname="DESKTOP-8VVBO91" failures="0" tests="4" name="com.guru99.test.SS2_login" time="179.321" errors="0" timestamp="2023-04-13T11:30:40 IST" skipped="0">
  <testcase classname="com.guru99.test.SS2_login" name="Login" time="37.626"/>
  <system-out/>
  <testcase classname="com.guru99.test.SS2_login" name="Login" time="49.362"/>
  <system-out/>
  <testcase classname="com.guru99.test.SS2_login" name="Login" time="50.467"/>
  <system-out/>
  <testcase classname="com.guru99.test.SS2_login" name="Login" time="41.866"/>
  <system-out/>
</testsuite> <!-- com.guru99.test.SS2_login -->
