<?xml version="1.0" encoding="UTF-8"?>
<!-- Generated by org.testng.reporters.JUnitReportReporter -->
<testsuite hostname="DESKTOP-8VVBO91" failures="0" tests="2" name="com.naresh.sj.scripts.Salesforce_Nega" time="56.156" errors="0" timestamp="2023-02-15T18:11:37 IST" skipped="0">
  <testcase classname="com.naresh.sj.scripts.Salesforce_Nega" name="Initial" time="26.542"/>
  <system-out/>
  <testcase classname="com.naresh.sj.scripts.Salesforce_Nega" name="Initial" time="29.614"/>
  <system-out/>
</testsuite> <!-- com.naresh.sj.scripts.Salesforce_Nega -->
