<?xml version="1.0" encoding="UTF-8"?>
<!-- Generated by org.testng.reporters.JUnitReportReporter -->
<testsuite hostname="DESKTOP-8VVBO91" failures="0" tests="4" name="Class2" time="0.013" errors="0" timestamp="2023-02-11T18:20:00 IST" skipped="0">
  <testcase classname="Class2" name="Click_on_Ligin" time="0.002"/>
  <system-out/>
  <testcase classname="Class2" name="SendData" time="0.006"/>
  <system-out/>
  <testcase classname="Class2" name="LogOut" time="0.002"/>
  <system-out/>
  <testcase classname="Class2" name="LaunchAUT" time="0.003"/>
  <system-out/>
</testsuite> <!-- Class2 -->
