<?xml version="1.0" encoding="UTF-8"?>
<!-- Generated by org.testng.reporters.JUnitReportReporter -->
<testsuite hostname="DESKTOP-8VVBO91" failures="0" tests="4" name="NewTestclass" time="0.019" errors="0" timestamp="2023-02-11T18:20:00 IST" skipped="1">
  <testcase classname="NewTestclass" name="Username" time="0.010"/>
  <system-out/>
  <testcase classname="NewTestclass" name="Get_Text" time="0.004"/>
  <system-out/>
  <testcase classname="NewTestclass" name="SendData" time="0.005"/>
  <system-out/>
  <testcase classname="NewTestclass" name="Password">
    <skipped/>
  </testcase> <!-- Password -->
  <system-out/>
</testsuite> <!-- NewTestclass -->
