<?xml version="1.0" encoding="UTF-8"?>
<!-- Generated by org.testng.reporters.JUnitReportReporter -->
<testsuite hostname="DESKTOP-8VVBO91" failures="0" tests="1" name="com.naresh.sj.scripts.Scripts_Amazon" time="13.449" errors="0" timestamp="2023-02-15T18:11:37 IST" skipped="0">
  <testcase classname="com.naresh.sj.scripts.Scripts_Amazon" name="Amazon" time="13.449"/>
  <system-out/>
</testsuite> <!-- com.naresh.sj.scripts.Scripts_Amazon -->
