<?xml version="1.0" encoding="UTF-8"?>
<!-- Generated by org.testng.reporters.JUnitReportReporter -->
<testsuite hostname="DESKTOP-8VVBO91" failures="0" tests="1" name="NewTest3" time="0.015" errors="0" timestamp="2023-02-14T20:26:09 IST" skipped="0">
  <testcase classname="NewTest3" name="LaunchAUT" time="0.015"/>
  <system-out/>
</testsuite> <!-- NewTest3 -->
