<?xml version="1.0" encoding="UTF-8"?>
<!-- Generated by org.testng.reporters.JUnitReportReporter -->
<testsuite hostname="DESKTOP-8VVBO91" failures="0" tests="1" name="NewClass" time="0.002" errors="0" timestamp="2023-02-11T18:20:00 IST" skipped="0">
  <testcase classname="NewClass" name="LaunchAUT" time="0.002"/>
  <system-out/>
</testsuite> <!-- NewClass -->
