<?xml version="1.0" encoding="UTF-8"?>
<!-- Generated by org.testng.reporters.JUnitReportReporter -->
<testsuite hostname="DESKTOP-8VVBO91" failures="0" tests="4" name="NewTest" time="0.026" errors="0" timestamp="2023-02-11T18:20:00 IST" skipped="0">
  <testcase classname="NewTest" name="Password" time="0.007"/>
  <system-out/>
  <testcase classname="NewTest" name="SendData" time="0.006"/>
  <system-out/>
  <testcase classname="NewTest" name="Get_Text" time="0.005"/>
  <system-out/>
  <testcase classname="NewTest" name="Username" time="0.008"/>
  <system-out/>
</testsuite> <!-- NewTest -->
