<?xml version="1.0" encoding="UTF-8"?>
<!-- Generated by org.testng.reporters.JUnitReportReporter -->
<testsuite hostname="DESKTOP-8VVBO91" failures="0" tests="2" name="com.naresh.sj.scripts.CrossBrowsing" time="17.574" errors="0" timestamp="2023-02-16T19:37:33 IST" skipped="0">
  <testcase classname="com.naresh.sj.scripts.CrossBrowsing" name="Send_Data" time="11.775"/>
  <system-out/>
  <testcase classname="com.naresh.sj.scripts.CrossBrowsing" name="Send_Data" time="5.799"/>
  <system-out/>
</testsuite> <!-- com.naresh.sj.scripts.CrossBrowsing -->
